DEBUG: Using selector: KqueueSelector
ERROR: Playlist assignment failed for hzN5j8nd6YM on primary
Traceback (most recent call last):
  File "/Users/lucassierota/Desktop/recordings/yt-recorder/src/yt_recorder/adapters/youtube.py", line 219, in assign_playlist
    search_input = page.wait_for_selector(constants.PLAYLIST_SEARCH_INPUT, timeout=5000)
  File "/Users/lucassierota/Desktop/recordings/yt-recorder/.venv/lib/python3.9/site-packages/playwright/sync_api/_generated.py", line 8217, in wait_for_selector
    self._sync(
  File "/Users/lucassierota/Desktop/recordings/yt-recorder/.venv/lib/python3.9/site-packages/playwright/_impl/_sync_base.py", line 115, in _sync
    return task.result()
  File "/Users/lucassierota/Desktop/recordings/yt-recorder/.venv/lib/python3.9/site-packages/playwright/_impl/_page.py", line 419, in wait_for_selector
    return await self._main_frame.wait_for_selector(**locals_to_params(locals()))
  File "/Users/lucassierota/Desktop/recordings/yt-recorder/.venv/lib/python3.9/site-packages/playwright/_impl/_frame.py", line 369, in wait_for_selector
    await self._channel.send(
  File "/Users/lucassierota/Desktop/recordings/yt-recorder/.venv/lib/python3.9/site-packages/playwright/_impl/_connection.py", line 69, in send
    return await self._connection.wrap_api_call(
  File "/Users/lucassierota/Desktop/recordings/yt-recorder/.venv/lib/python3.9/site-packages/playwright/_impl/_connection.py", line 559, in wrap_api_call
    raise rewrite_error(error, f"{parsed_st['apiName']}: {error}") from None
playwright._impl._errors.TimeoutError: Page.wait_for_selector: Timeout 5000ms exceeded.
Call log:
  - waiting for locator("ytcp-playlist-dialog #search-input") to be visible
    15 × locator resolved to 2 elements. Proceeding with the first one: <ytcp-search-bar id="search-input" has-clear-icon="" has-search-icon="" placeholder="Search for a playlist" class="style-scope ytcp-playlist-dialog">…</ytcp-search-bar>


The above exception was the direct cause of the following exception:

Traceback (most recent call last):
  File "/Users/lucassierota/Desktop/recordings/yt-recorder/src/yt_recorder/pipeline.py", line 275, in assign_playlists
    success = adapter.assign_playlist(video_id, entry.playlist)
  File "/Users/lucassierota/Desktop/recordings/yt-recorder/src/yt_recorder/adapters/youtube.py", line 221, in assign_playlist
    raise SelectorChangedError("Playlist dialog did not open") from e
yt_recorder.domain.exceptions.SelectorChangedError: Playlist dialog did not open
ERROR: Playlist assignment failed for yHklT7KPp_0 on primary
Traceback (most recent call last):
  File "/Users/lucassierota/Desktop/recordings/yt-recorder/src/yt_recorder/adapters/youtube.py", line 219, in assign_playlist
    search_input = page.wait_for_selector(constants.PLAYLIST_SEARCH_INPUT, timeout=5000)
  File "/Users/lucassierota/Desktop/recordings/yt-recorder/.venv/lib/python3.9/site-packages/playwright/sync_api/_generated.py", line 8217, in wait_for_selector
    self._sync(
  File "/Users/lucassierota/Desktop/recordings/yt-recorder/.venv/lib/python3.9/site-packages/playwright/_impl/_sync_base.py", line 115, in _sync
    return task.result()
  File "/Users/lucassierota/Desktop/recordings/yt-recorder/.venv/lib/python3.9/site-packages/playwright/_impl/_page.py", line 419, in wait_for_selector
    return await self._main_frame.wait_for_selector(**locals_to_params(locals()))
  File "/Users/lucassierota/Desktop/recordings/yt-recorder/.venv/lib/python3.9/site-packages/playwright/_impl/_frame.py", line 369, in wait_for_selector
    await self._channel.send(
  File "/Users/lucassierota/Desktop/recordings/yt-recorder/.venv/lib/python3.9/site-packages/playwright/_impl/_connection.py", line 69, in send
    return await self._connection.wrap_api_call(
  File "/Users/lucassierota/Desktop/recordings/yt-recorder/.venv/lib/python3.9/site-packages/playwright/_impl/_connection.py", line 559, in wrap_api_call
    raise rewrite_error(error, f"{parsed_st['apiName']}: {error}") from None
playwright._impl._errors.TimeoutError: Page.wait_for_selector: Timeout 5000ms exceeded.
Call log:
  - waiting for locator("ytcp-playlist-dialog #search-input") to be visible
    14 × locator resolved to 2 elements. Proceeding with the first one: <ytcp-search-bar id="search-input" has-clear-icon="" has-search-icon="" placeholder="Search for a playlist" class="style-scope ytcp-playlist-dialog">…</ytcp-search-bar>


The above exception was the direct cause of the following exception:

Traceback (most recent call last):
  File "/Users/lucassierota/Desktop/recordings/yt-recorder/src/yt_recorder/pipeline.py", line 275, in assign_playlists
    success = adapter.assign_playlist(video_id, entry.playlist)
  File "/Users/lucassierota/Desktop/recordings/yt-recorder/src/yt_recorder/adapters/youtube.py", line 221, in assign_playlist
    raise SelectorChangedError("Playlist dialog did not open") from e
yt_recorder.domain.exceptions.SelectorChangedError: Playlist dialog did not open
ERROR: Playlist assignment failed for EVL1TohSsbM on primary
Traceback (most recent call last):
  File "/Users/lucassierota/Desktop/recordings/yt-recorder/src/yt_recorder/adapters/youtube.py", line 219, in assign_playlist
    search_input = page.wait_for_selector(constants.PLAYLIST_SEARCH_INPUT, timeout=5000)
  File "/Users/lucassierota/Desktop/recordings/yt-recorder/.venv/lib/python3.9/site-packages/playwright/sync_api/_generated.py", line 8217, in wait_for_selector
    self._sync(
  File "/Users/lucassierota/Desktop/recordings/yt-recorder/.venv/lib/python3.9/site-packages/playwright/_impl/_sync_base.py", line 115, in _sync
    return task.result()
  File "/Users/lucassierota/Desktop/recordings/yt-recorder/.venv/lib/python3.9/site-packages/playwright/_impl/_page.py", line 419, in wait_for_selector
    return await self._main_frame.wait_for_selector(**locals_to_params(locals()))
  File "/Users/lucassierota/Desktop/recordings/yt-recorder/.venv/lib/python3.9/site-packages/playwright/_impl/_frame.py", line 369, in wait_for_selector
    await self._channel.send(
  File "/Users/lucassierota/Desktop/recordings/yt-recorder/.venv/lib/python3.9/site-packages/playwright/_impl/_connection.py", line 69, in send
    return await self._connection.wrap_api_call(
  File "/Users/lucassierota/Desktop/recordings/yt-recorder/.venv/lib/python3.9/site-packages/playwright/_impl/_connection.py", line 559, in wrap_api_call
    raise rewrite_error(error, f"{parsed_st['apiName']}: {error}") from None
playwright._impl._errors.TimeoutError: Page.wait_for_selector: Timeout 5000ms exceeded.
Call log:
  - waiting for locator("ytcp-playlist-dialog #search-input") to be visible
    14 × locator resolved to 2 elements. Proceeding with the first one: <ytcp-search-bar id="search-input" has-clear-icon="" has-search-icon="" placeholder="Search for a playlist" class="style-scope ytcp-playlist-dialog">…</ytcp-search-bar>


The above exception was the direct cause of the following exception:

Traceback (most recent call last):
  File "/Users/lucassierota/Desktop/recordings/yt-recorder/src/yt_recorder/pipeline.py", line 275, in assign_playlists
    success = adapter.assign_playlist(video_id, entry.playlist)
  File "/Users/lucassierota/Desktop/recordings/yt-recorder/src/yt_recorder/adapters/youtube.py", line 221, in assign_playlist
    raise SelectorChangedError("Playlist dialog did not open") from e
yt_recorder.domain.exceptions.SelectorChangedError: Playlist dialog did not open
ERROR: Playlist assignment failed for hLBYBEGZ7BA on primary
Traceback (most recent call last):
  File "/Users/lucassierota/Desktop/recordings/yt-recorder/src/yt_recorder/adapters/youtube.py", line 219, in assign_playlist
    search_input = page.wait_for_selector(constants.PLAYLIST_SEARCH_INPUT, timeout=5000)
  File "/Users/lucassierota/Desktop/recordings/yt-recorder/.venv/lib/python3.9/site-packages/playwright/sync_api/_generated.py", line 8217, in wait_for_selector
    self._sync(
  File "/Users/lucassierota/Desktop/recordings/yt-recorder/.venv/lib/python3.9/site-packages/playwright/_impl/_sync_base.py", line 115, in _sync
    return task.result()
  File "/Users/lucassierota/Desktop/recordings/yt-recorder/.venv/lib/python3.9/site-packages/playwright/_impl/_page.py", line 419, in wait_for_selector
    return await self._main_frame.wait_for_selector(**locals_to_params(locals()))
  File "/Users/lucassierota/Desktop/recordings/yt-recorder/.venv/lib/python3.9/site-packages/playwright/_impl/_frame.py", line 369, in wait_for_selector
    await self._channel.send(
  File "/Users/lucassierota/Desktop/recordings/yt-recorder/.venv/lib/python3.9/site-packages/playwright/_impl/_connection.py", line 69, in send
    return await self._connection.wrap_api_call(
  File "/Users/lucassierota/Desktop/recordings/yt-recorder/.venv/lib/python3.9/site-packages/playwright/_impl/_connection.py", line 559, in wrap_api_call
    raise rewrite_error(error, f"{parsed_st['apiName']}: {error}") from None
playwright._impl._errors.TimeoutError: Page.wait_for_selector: Timeout 5000ms exceeded.
Call log:
  - waiting for locator("ytcp-playlist-dialog #search-input") to be visible
    15 × locator resolved to 2 elements. Proceeding with the first one: <ytcp-search-bar id="search-input" has-clear-icon="" has-search-icon="" placeholder="Search for a playlist" class="style-scope ytcp-playlist-dialog">…</ytcp-search-bar>


The above exception was the direct cause of the following exception:

Traceback (most recent call last):
  File "/Users/lucassierota/Desktop/recordings/yt-recorder/src/yt_recorder/pipeline.py", line 275, in assign_playlists
    success = adapter.assign_playlist(video_id, entry.playlist)
  File "/Users/lucassierota/Desktop/recordings/yt-recorder/src/yt_recorder/adapters/youtube.py", line 221, in assign_playlist
    raise SelectorChangedError("Playlist dialog did not open") from e
yt_recorder.domain.exceptions.SelectorChangedError: Playlist dialog did not open
ERROR: Playlist assignment failed for 6eJhXpc0_CE on primary
Traceback (most recent call last):
  File "/Users/lucassierota/Desktop/recordings/yt-recorder/src/yt_recorder/adapters/youtube.py", line 219, in assign_playlist
    search_input = page.wait_for_selector(constants.PLAYLIST_SEARCH_INPUT, timeout=5000)
  File "/Users/lucassierota/Desktop/recordings/yt-recorder/.venv/lib/python3.9/site-packages/playwright/sync_api/_generated.py", line 8217, in wait_for_selector
    self._sync(
  File "/Users/lucassierota/Desktop/recordings/yt-recorder/.venv/lib/python3.9/site-packages/playwright/_impl/_sync_base.py", line 115, in _sync
    return task.result()
  File "/Users/lucassierota/Desktop/recordings/yt-recorder/.venv/lib/python3.9/site-packages/playwright/_impl/_page.py", line 419, in wait_for_selector
    return await self._main_frame.wait_for_selector(**locals_to_params(locals()))
  File "/Users/lucassierota/Desktop/recordings/yt-recorder/.venv/lib/python3.9/site-packages/playwright/_impl/_frame.py", line 369, in wait_for_selector
    await self._channel.send(
  File "/Users/lucassierota/Desktop/recordings/yt-recorder/.venv/lib/python3.9/site-packages/playwright/_impl/_connection.py", line 69, in send
    return await self._connection.wrap_api_call(
  File "/Users/lucassierota/Desktop/recordings/yt-recorder/.venv/lib/python3.9/site-packages/playwright/_impl/_connection.py", line 559, in wrap_api_call
    raise rewrite_error(error, f"{parsed_st['apiName']}: {error}") from None
playwright._impl._errors.TimeoutError: Page.wait_for_selector: Timeout 5000ms exceeded.
Call log:
  - waiting for locator("ytcp-playlist-dialog #search-input") to be visible
    14 × locator resolved to 2 elements. Proceeding with the first one: <ytcp-search-bar id="search-input" has-clear-icon="" has-search-icon="" placeholder="Search for a playlist" class="style-scope ytcp-playlist-dialog">…</ytcp-search-bar>


The above exception was the direct cause of the following exception:

Traceback (most recent call last):
  File "/Users/lucassierota/Desktop/recordings/yt-recorder/src/yt_recorder/pipeline.py", line 275, in assign_playlists
    success = adapter.assign_playlist(video_id, entry.playlist)
  File "/Users/lucassierota/Desktop/recordings/yt-recorder/src/yt_recorder/adapters/youtube.py", line 221, in assign_playlist
    raise SelectorChangedError("Playlist dialog did not open") from e
yt_recorder.domain.exceptions.SelectorChangedError: Playlist dialog did not open
ERROR: Playlist assignment failed for sx4aGU1JbWw on primary
Traceback (most recent call last):
  File "/Users/lucassierota/Desktop/recordings/yt-recorder/src/yt_recorder/adapters/youtube.py", line 219, in assign_playlist
    search_input = page.wait_for_selector(constants.PLAYLIST_SEARCH_INPUT, timeout=5000)
  File "/Users/lucassierota/Desktop/recordings/yt-recorder/.venv/lib/python3.9/site-packages/playwright/sync_api/_generated.py", line 8217, in wait_for_selector
    self._sync(
  File "/Users/lucassierota/Desktop/recordings/yt-recorder/.venv/lib/python3.9/site-packages/playwright/_impl/_sync_base.py", line 115, in _sync
    return task.result()
  File "/Users/lucassierota/Desktop/recordings/yt-recorder/.venv/lib/python3.9/site-packages/playwright/_impl/_page.py", line 419, in wait_for_selector
    return await self._main_frame.wait_for_selector(**locals_to_params(locals()))
  File "/Users/lucassierota/Desktop/recordings/yt-recorder/.venv/lib/python3.9/site-packages/playwright/_impl/_frame.py", line 369, in wait_for_selector
    await self._channel.send(
  File "/Users/lucassierota/Desktop/recordings/yt-recorder/.venv/lib/python3.9/site-packages/playwright/_impl/_connection.py", line 69, in send
    return await self._connection.wrap_api_call(
  File "/Users/lucassierota/Desktop/recordings/yt-recorder/.venv/lib/python3.9/site-packages/playwright/_impl/_connection.py", line 559, in wrap_api_call
    raise rewrite_error(error, f"{parsed_st['apiName']}: {error}") from None
playwright._impl._errors.TimeoutError: Page.wait_for_selector: Timeout 5000ms exceeded.
Call log:
  - waiting for locator("ytcp-playlist-dialog #search-input") to be visible
    15 × locator resolved to 2 elements. Proceeding with the first one: <ytcp-search-bar id="search-input" has-clear-icon="" has-search-icon="" placeholder="Search for a playlist" class="style-scope ytcp-playlist-dialog">…</ytcp-search-bar>


The above exception was the direct cause of the following exception:

Traceback (most recent call last):
  File "/Users/lucassierota/Desktop/recordings/yt-recorder/src/yt_recorder/pipeline.py", line 275, in assign_playlists
    success = adapter.assign_playlist(video_id, entry.playlist)
  File "/Users/lucassierota/Desktop/recordings/yt-recorder/src/yt_recorder/adapters/youtube.py", line 221, in assign_playlist
    raise SelectorChangedError("Playlist dialog did not open") from e
yt_recorder.domain.exceptions.SelectorChangedError: Playlist dialog did not open
ERROR: Playlist assignment failed for YGNYT8RlbQs on primary
Traceback (most recent call last):
  File "/Users/lucassierota/Desktop/recordings/yt-recorder/src/yt_recorder/adapters/youtube.py", line 219, in assign_playlist
    search_input = page.wait_for_selector(constants.PLAYLIST_SEARCH_INPUT, timeout=5000)
  File "/Users/lucassierota/Desktop/recordings/yt-recorder/.venv/lib/python3.9/site-packages/playwright/sync_api/_generated.py", line 8217, in wait_for_selector
    self._sync(
  File "/Users/lucassierota/Desktop/recordings/yt-recorder/.venv/lib/python3.9/site-packages/playwright/_impl/_sync_base.py", line 115, in _sync
    return task.result()
  File "/Users/lucassierota/Desktop/recordings/yt-recorder/.venv/lib/python3.9/site-packages/playwright/_impl/_page.py", line 419, in wait_for_selector
    return await self._main_frame.wait_for_selector(**locals_to_params(locals()))
  File "/Users/lucassierota/Desktop/recordings/yt-recorder/.venv/lib/python3.9/site-packages/playwright/_impl/_frame.py", line 369, in wait_for_selector
    await self._channel.send(
  File "/Users/lucassierota/Desktop/recordings/yt-recorder/.venv/lib/python3.9/site-packages/playwright/_impl/_connection.py", line 69, in send
    return await self._connection.wrap_api_call(
  File "/Users/lucassierota/Desktop/recordings/yt-recorder/.venv/lib/python3.9/site-packages/playwright/_impl/_connection.py", line 559, in wrap_api_call
    raise rewrite_error(error, f"{parsed_st['apiName']}: {error}") from None
playwright._impl._errors.TimeoutError: Page.wait_for_selector: Timeout 5000ms exceeded.
Call log:
  - waiting for locator("ytcp-playlist-dialog #search-input") to be visible
    15 × locator resolved to 2 elements. Proceeding with the first one: <ytcp-search-bar id="search-input" has-clear-icon="" has-search-icon="" placeholder="Search for a playlist" class="style-scope ytcp-playlist-dialog">…</ytcp-search-bar>


The above exception was the direct cause of the following exception:

Traceback (most recent call last):
  File "/Users/lucassierota/Desktop/recordings/yt-recorder/src/yt_recorder/pipeline.py", line 275, in assign_playlists
    success = adapter.assign_playlist(video_id, entry.playlist)
  File "/Users/lucassierota/Desktop/recordings/yt-recorder/src/yt_recorder/adapters/youtube.py", line 221, in assign_playlist
    raise SelectorChangedError("Playlist dialog did not open") from e
yt_recorder.domain.exceptions.SelectorChangedError: Playlist dialog did not open
ERROR: Playlist assignment failed for vUe3enah6CY on primary
Traceback (most recent call last):
  File "/Users/lucassierota/Desktop/recordings/yt-recorder/src/yt_recorder/adapters/youtube.py", line 219, in assign_playlist
    search_input = page.wait_for_selector(constants.PLAYLIST_SEARCH_INPUT, timeout=5000)
  File "/Users/lucassierota/Desktop/recordings/yt-recorder/.venv/lib/python3.9/site-packages/playwright/sync_api/_generated.py", line 8217, in wait_for_selector
    self._sync(
  File "/Users/lucassierota/Desktop/recordings/yt-recorder/.venv/lib/python3.9/site-packages/playwright/_impl/_sync_base.py", line 115, in _sync
    return task.result()
  File "/Users/lucassierota/Desktop/recordings/yt-recorder/.venv/lib/python3.9/site-packages/playwright/_impl/_page.py", line 419, in wait_for_selector
    return await self._main_frame.wait_for_selector(**locals_to_params(locals()))
  File "/Users/lucassierota/Desktop/recordings/yt-recorder/.venv/lib/python3.9/site-packages/playwright/_impl/_frame.py", line 369, in wait_for_selector
    await self._channel.send(
  File "/Users/lucassierota/Desktop/recordings/yt-recorder/.venv/lib/python3.9/site-packages/playwright/_impl/_connection.py", line 69, in send
    return await self._connection.wrap_api_call(
  File "/Users/lucassierota/Desktop/recordings/yt-recorder/.venv/lib/python3.9/site-packages/playwright/_impl/_connection.py", line 559, in wrap_api_call
    raise rewrite_error(error, f"{parsed_st['apiName']}: {error}") from None
playwright._impl._errors.TimeoutError: Page.wait_for_selector: Timeout 5000ms exceeded.
Call log:
  - waiting for locator("ytcp-playlist-dialog #search-input") to be visible
    14 × locator resolved to 2 elements. Proceeding with the first one: <ytcp-search-bar id="search-input" has-clear-icon="" has-search-icon="" placeholder="Search for a playlist" class="style-scope ytcp-playlist-dialog">…</ytcp-search-bar>


The above exception was the direct cause of the following exception:

Traceback (most recent call last):
  File "/Users/lucassierota/Desktop/recordings/yt-recorder/src/yt_recorder/pipeline.py", line 275, in assign_playlists
    success = adapter.assign_playlist(video_id, entry.playlist)
  File "/Users/lucassierota/Desktop/recordings/yt-recorder/src/yt_recorder/adapters/youtube.py", line 221, in assign_playlist
    raise SelectorChangedError("Playlist dialog did not open") from e
yt_recorder.domain.exceptions.SelectorChangedError: Playlist dialog did not open
ERROR: Playlist assignment failed for dVQ8LWmTA64 on primary
Traceback (most recent call last):
  File "/Users/lucassierota/Desktop/recordings/yt-recorder/src/yt_recorder/adapters/youtube.py", line 219, in assign_playlist
    search_input = page.wait_for_selector(constants.PLAYLIST_SEARCH_INPUT, timeout=5000)
  File "/Users/lucassierota/Desktop/recordings/yt-recorder/.venv/lib/python3.9/site-packages/playwright/sync_api/_generated.py", line 8217, in wait_for_selector
    self._sync(
  File "/Users/lucassierota/Desktop/recordings/yt-recorder/.venv/lib/python3.9/site-packages/playwright/_impl/_sync_base.py", line 115, in _sync
    return task.result()
  File "/Users/lucassierota/Desktop/recordings/yt-recorder/.venv/lib/python3.9/site-packages/playwright/_impl/_page.py", line 419, in wait_for_selector
    return await self._main_frame.wait_for_selector(**locals_to_params(locals()))
  File "/Users/lucassierota/Desktop/recordings/yt-recorder/.venv/lib/python3.9/site-packages/playwright/_impl/_frame.py", line 369, in wait_for_selector
    await self._channel.send(
  File "/Users/lucassierota/Desktop/recordings/yt-recorder/.venv/lib/python3.9/site-packages/playwright/_impl/_connection.py", line 69, in send
    return await self._connection.wrap_api_call(
  File "/Users/lucassierota/Desktop/recordings/yt-recorder/.venv/lib/python3.9/site-packages/playwright/_impl/_connection.py", line 559, in wrap_api_call
    raise rewrite_error(error, f"{parsed_st['apiName']}: {error}") from None
playwright._impl._errors.TimeoutError: Page.wait_for_selector: Timeout 5000ms exceeded.
Call log:
  - waiting for locator("ytcp-playlist-dialog #search-input") to be visible
    15 × locator resolved to 2 elements. Proceeding with the first one: <ytcp-search-bar id="search-input" has-clear-icon="" has-search-icon="" placeholder="Search for a playlist" class="style-scope ytcp-playlist-dialog">…</ytcp-search-bar>


The above exception was the direct cause of the following exception:

Traceback (most recent call last):
  File "/Users/lucassierota/Desktop/recordings/yt-recorder/src/yt_recorder/pipeline.py", line 275, in assign_playlists
    success = adapter.assign_playlist(video_id, entry.playlist)
  File "/Users/lucassierota/Desktop/recordings/yt-recorder/src/yt_recorder/adapters/youtube.py", line 221, in assign_playlist
    raise SelectorChangedError("Playlist dialog did not open") from e
yt_recorder.domain.exceptions.SelectorChangedError: Playlist dialog did not open
ERROR: Playlist assignment failed for O0O330BMtgM on primary
Traceback (most recent call last):
  File "/Users/lucassierota/Desktop/recordings/yt-recorder/src/yt_recorder/adapters/youtube.py", line 219, in assign_playlist
    search_input = page.wait_for_selector(constants.PLAYLIST_SEARCH_INPUT, timeout=5000)
  File "/Users/lucassierota/Desktop/recordings/yt-recorder/.venv/lib/python3.9/site-packages/playwright/sync_api/_generated.py", line 8217, in wait_for_selector
    self._sync(
  File "/Users/lucassierota/Desktop/recordings/yt-recorder/.venv/lib/python3.9/site-packages/playwright/_impl/_sync_base.py", line 115, in _sync
    return task.result()
  File "/Users/lucassierota/Desktop/recordings/yt-recorder/.venv/lib/python3.9/site-packages/playwright/_impl/_page.py", line 419, in wait_for_selector
    return await self._main_frame.wait_for_selector(**locals_to_params(locals()))
  File "/Users/lucassierota/Desktop/recordings/yt-recorder/.venv/lib/python3.9/site-packages/playwright/_impl/_frame.py", line 369, in wait_for_selector
    await self._channel.send(
  File "/Users/lucassierota/Desktop/recordings/yt-recorder/.venv/lib/python3.9/site-packages/playwright/_impl/_connection.py", line 69, in send
    return await self._connection.wrap_api_call(
  File "/Users/lucassierota/Desktop/recordings/yt-recorder/.venv/lib/python3.9/site-packages/playwright/_impl/_connection.py", line 559, in wrap_api_call
    raise rewrite_error(error, f"{parsed_st['apiName']}: {error}") from None
playwright._impl._errors.TimeoutError: Page.wait_for_selector: Timeout 5000ms exceeded.
Call log:
  - waiting for locator("ytcp-playlist-dialog #search-input") to be visible
    15 × locator resolved to 2 elements. Proceeding with the first one: <ytcp-search-bar id="search-input" has-clear-icon="" has-search-icon="" placeholder="Search for a playlist" class="style-scope ytcp-playlist-dialog">…</ytcp-search-bar>


The above exception was the direct cause of the following exception:

Traceback (most recent call last):
  File "/Users/lucassierota/Desktop/recordings/yt-recorder/src/yt_recorder/pipeline.py", line 275, in assign_playlists
    success = adapter.assign_playlist(video_id, entry.playlist)
  File "/Users/lucassierota/Desktop/recordings/yt-recorder/src/yt_recorder/adapters/youtube.py", line 221, in assign_playlist
    raise SelectorChangedError("Playlist dialog did not open") from e
yt_recorder.domain.exceptions.SelectorChangedError: Playlist dialog did not open
Assigned: 0
Failed: 10
Skipped: 0

Errors:
  - Error assigning recordings to hzN5j8nd6YM on primary: Playlist dialog did not open
  - Error assigning recordings to yHklT7KPp_0 on primary: Playlist dialog did not open
  - Error assigning recordings to EVL1TohSsbM on primary: Playlist dialog did not open
  - Error assigning recordings to hLBYBEGZ7BA on primary: Playlist dialog did not open
  - Error assigning recordings to 6eJhXpc0_CE on primary: Playlist dialog did not open
  - Error assigning mine to sx4aGU1JbWw on primary: Playlist dialog did not open
  - Error assigning mine to YGNYT8RlbQs on primary: Playlist dialog did not open
  - Error assigning mine to vUe3enah6CY on primary: Playlist dialog did not open
  - Error assigning to-post to dVQ8LWmTA64 on primary: Playlist dialog did not open
  - Error assigning to-post to O0O330BMtgM on primary: Playlist dialog did not open
