DEBUG: Using selector: KqueueSelector
ERROR: Upload failed for /Users/lucassierota/qa-test-upload/qa-test-video.mp4
Traceback (most recent call last):
  File "/Users/lucassierota/Desktop/recordings/yt-recorder/src/yt_recorder/pipeline.py", line 131, in upload_new
    results, pf = self.raid.upload(path, title, playlist)
  File "/Users/lucassierota/Desktop/recordings/yt-recorder/src/yt_recorder/adapters/raid.py", line 93, in upload
    primary_result = primary_adapter.upload(path, title)
  File "/Users/lucassierota/Desktop/recordings/yt-recorder/src/yt_recorder/adapters/youtube.py", line 115, in upload
    self._wait_for_scrim_dismissed(page)
  File "/Users/lucassierota/Desktop/recordings/yt-recorder/src/yt_recorder/adapters/youtube.py", line 56, in _wait_for_scrim_dismissed
    page.wait_for_selector(constants.DIALOG_SCRIM, state="hidden", timeout=timeout)
  File "/Users/lucassierota/Desktop/recordings/yt-recorder/.venv/lib/python3.9/site-packages/playwright/sync_api/_generated.py", line 8217, in wait_for_selector
    self._sync(
  File "/Users/lucassierota/Desktop/recordings/yt-recorder/.venv/lib/python3.9/site-packages/playwright/_impl/_sync_base.py", line 115, in _sync
    return task.result()
  File "/Users/lucassierota/Desktop/recordings/yt-recorder/.venv/lib/python3.9/site-packages/playwright/_impl/_page.py", line 419, in wait_for_selector
    return await self._main_frame.wait_for_selector(**locals_to_params(locals()))
  File "/Users/lucassierota/Desktop/recordings/yt-recorder/.venv/lib/python3.9/site-packages/playwright/_impl/_frame.py", line 369, in wait_for_selector
    await self._channel.send(
  File "/Users/lucassierota/Desktop/recordings/yt-recorder/.venv/lib/python3.9/site-packages/playwright/_impl/_connection.py", line 69, in send
    return await self._connection.wrap_api_call(
  File "/Users/lucassierota/Desktop/recordings/yt-recorder/.venv/lib/python3.9/site-packages/playwright/_impl/_connection.py", line 559, in wrap_api_call
    raise rewrite_error(error, f"{parsed_st['apiName']}: {error}") from None
playwright._impl._errors.TimeoutError: Page.wait_for_selector: Timeout 10000ms exceeded.
Call log:
  - waiting for locator("tp-yt-iron-overlay-backdrop") to be hidden
    25 × locator resolved to 3 elements. Proceeding with the first one: <tp-yt-iron-overlay-backdrop tabindex="-1" id="nav-backdrop" class="style-scope ytcp-entity-page">…</tp-yt-iron-overlay-backdrop>

Uploaded: 0
Failed: 1
Deleted: 0
Kept: 0

Errors:
  - Failed to upload /Users/lucassierota/qa-test-upload/qa-test-video.mp4: Page.wait_for_selector: Timeout 10000ms exceeded.
Call log:
  - waiting for locator("tp-yt-iron-overlay-backdrop") to be hidden
    25 × locator resolved to 3 elements. Proceeding with the first one: <tp-yt-iron-overlay-backdrop tabindex="-1" id="nav-backdrop" class="style-scope ytcp-entity-page">…</tp-yt-iron-overlay-backdrop>

